Hyperparameter values are:
gamma_c: 1.0
beta0_anim_gram_iobj: 0.001
beta0_anim_gram_obj: 0.001
beta0_anim_gram_subj: 0.001
beta1_anim_gram_iobj: 0.001
beta1_anim_gram_obj: 0.001
beta1_anim_gram_subj: 0.001
alpha_frames: 0.001
alpha_sem_iobj: 0.001
alpha_sem_obj: 0.001
alpha_sem_subj: 0.001

No annealing

Sampling for 100 iterations
Evaluate every 10 iterations
Sampling hyperparameters? False

After reading in data, total predicates =  10 and total categories = 2
Initial log posterior = -2590.34622207
After iteration 1, category stats:
Current number of categories = 3
Categories that changed members = 3
Current log posterior = -2151.82335239
After iteration 11, category stats:
Current number of categories = 3
Categories that changed members = 0
Current log posterior = -2144.7096227
After iteration 21, category stats:
Current number of categories = 3
Categories that changed members = 0
Current log posterior = -2144.7096227
After iteration 31, category stats:
Current number of categories = 3
Categories that changed members = 0
Current log posterior = -2144.7096227
After iteration 41, category stats:
Current number of categories = 3
Categories that changed members = 0
Current log posterior = -2144.7096227
After iteration 51, category stats:
Current number of categories = 3
Categories that changed members = 0
Current log posterior = -2144.7096227
After iteration 61, category stats:
Current number of categories = 3
Categories that changed members = 0
Current log posterior = -2144.7096227
After iteration 71, category stats:
Current number of categories = 3
Categories that changed members = 0
Current log posterior = -2144.7096227
After iteration 81, category stats:
Current number of categories = 3
Categories that changed members = 0
Current log posterior = -2144.7096227
After iteration 91, category stats:
Current number of categories = 3
Categories that changed members = 0
Current log posterior = -2144.7096227
After all 100 iterations:
Current number of categories = 3
Categories that changed members = 0
Current log posterior = -2144.7096227
Categories look like this:
Category number 0 has 4 predicates:
predicate: LIKE
predicate: LIKE-AGAIN
predicate: SEEM
predicate: SEEM-AGAIN
anim_gram_subj vs. inanim: 400.0 61.0
anim_gram_obj vs. inanim: 230.0 192.0
anim_gram_iobj vs. inanim: 2.0 28.0
sem_subj as gram_subj vs. gram_obj vs. gram_iobj: 460.0 0.0 0.0
sem_obj as gram_subj vs. gram_obj vs. gram_iobj: 0.0 875.0 0.0
sem_iobj as gram_subj vs. gram_obj vs. gram_iobj: 0.0 0.0 42.0
frame frequencies:
0.000
0.000
0.000
16.000
35.000
214.000
29.000
210.000
0.000
Category number 1 has 5 predicates:
predicate: HEAR
predicate: HEAR-A
predicate: HEAR-AGAIN
predicate: HEAR-B
predicate: HEAR-C
anim_gram_subj vs. inanim: 509.0 5.0
anim_gram_obj vs. inanim: 270.0 270.0
anim_gram_iobj vs. inanim: 21.0 10.0
sem_subj as gram_subj vs. gram_obj vs. gram_iobj: 540.0 10.0 0.0
sem_obj as gram_subj vs. gram_obj vs. gram_iobj: 10.0 540.0 0.0
sem_iobj as gram_subj vs. gram_obj vs. gram_iobj: 0.0 0.0 43.0
frame frequencies:
10.000
0.000
10.000
40.000
0.000
192.000
0.000
0.000
258.000
Category number 2 has 1 predicates:
predicate: SNEEZE
anim_gram_subj vs. inanim: 510.0 0.0
anim_gram_obj vs. inanim: 0.0 102.0
anim_gram_iobj vs. inanim: 0.0 1173.0
sem_subj as gram_subj vs. gram_obj vs. gram_iobj: 510.0 0.0 0.0
sem_obj as gram_subj vs. gram_obj vs. gram_iobj: 0.0 102.0 0.0
sem_iobj as gram_subj vs. gram_obj vs. gram_iobj: 0.0 0.0 1173.0
frame frequencies:
0.000
408.000
0.000
0.000
0.000
102.000
0.000
0.000
0.000
all frames list:
Item 0: NP Aux V-en
Item 1: NP V
Item 2: NP V CP-null
Item 3: NP V CP-that
Item 4: NP V IP-TO
Item 5: NP V NP
Item 6: NP V NP IP-TO
Item 7: TO V NP
Item 8: TO V PP
